Build started 2015-11-15 오후 6:20:52.
     1>Project "C:\Users\dong geon\Documents\Visual Studio 2013\Projects\32152661 소프트웨어학과 오동건\32152661 소프트웨어학과 오동건\32152661 소프트웨어학과 오동건.vcxproj" on node 2 (Build target(s)).
     1>ClCompile:
         C:\Program Files (x86)\Microsoft Visual Studio 12.0\VC\bin\CL.exe /c /ZI /nologo /W3 /WX- /Od /Oy- /D WIN32 /D _DEBUG /D _CONSOLE /D _LIB /D _UNICODE /D UNICODE /Gm /EHsc /RTC1 /MDd /GS /fp:precise /Zc:wchar_t /Zc:forScope /Fo"Debug\\" /Fd"Debug\vc120.pdb" /Gd /TC /analyze- /errorReport:prompt "32152661 소프트웨어학과 오동건.c"
         32152661 소프트웨어학과 오동건.c
     1>c:\users\dong geon\documents\visual studio 2013\projects\32152661 소프트웨어학과 오동건\32152661 소프트웨어학과 오동건\32152661 소프트웨어학과 오동건.c(44): warning C4996: 'gets': This function or variable may be unsafe. Consider using gets_s instead. To disable deprecation, use _CRT_SECURE_NO_WARNINGS. See online help for details.
                 c:\program files (x86)\microsoft visual studio 12.0\vc\include\stdio.h(254) : see declaration of 'gets'
     1>c:\users\dong geon\documents\visual studio 2013\projects\32152661 소프트웨어학과 오동건\32152661 소프트웨어학과 오동건\32152661 소프트웨어학과 오동건.c(107): warning C4996: 'strcpy': This function or variable may be unsafe. Consider using strcpy_s instead. To disable deprecation, use _CRT_SECURE_NO_WARNINGS. See online help for details.
                 c:\program files (x86)\microsoft visual studio 12.0\vc\include\string.h(112) : see declaration of 'strcpy'
     1>c:\users\dong geon\documents\visual studio 2013\projects\32152661 소프트웨어학과 오동건\32152661 소프트웨어학과 오동건\32152661 소프트웨어학과 오동건.c(108): warning C4996: 'strcpy': This function or variable may be unsafe. Consider using strcpy_s instead. To disable deprecation, use _CRT_SECURE_NO_WARNINGS. See online help for details.
                 c:\program files (x86)\microsoft visual studio 12.0\vc\include\string.h(112) : see declaration of 'strcpy'
     1>c:\users\dong geon\documents\visual studio 2013\projects\32152661 소프트웨어학과 오동건\32152661 소프트웨어학과 오동건\32152661 소프트웨어학과 오동건.c(109): warning C4996: 'strcpy': This function or variable may be unsafe. Consider using strcpy_s instead. To disable deprecation, use _CRT_SECURE_NO_WARNINGS. See online help for details.
                 c:\program files (x86)\microsoft visual studio 12.0\vc\include\string.h(112) : see declaration of 'strcpy'
     1>c:\users\dong geon\documents\visual studio 2013\projects\32152661 소프트웨어학과 오동건\32152661 소프트웨어학과 오동건\32152661 소프트웨어학과 오동건.c(111): warning C4996: 'strcpy': This function or variable may be unsafe. Consider using strcpy_s instead. To disable deprecation, use _CRT_SECURE_NO_WARNINGS. See online help for details.
                 c:\program files (x86)\microsoft visual studio 12.0\vc\include\string.h(112) : see declaration of 'strcpy'
     1>c:\users\dong geon\documents\visual studio 2013\projects\32152661 소프트웨어학과 오동건\32152661 소프트웨어학과 오동건\32152661 소프트웨어학과 오동건.c(112): warning C4996: 'strcpy': This function or variable may be unsafe. Consider using strcpy_s instead. To disable deprecation, use _CRT_SECURE_NO_WARNINGS. See online help for details.
                 c:\program files (x86)\microsoft visual studio 12.0\vc\include\string.h(112) : see declaration of 'strcpy'
     1>c:\users\dong geon\documents\visual studio 2013\projects\32152661 소프트웨어학과 오동건\32152661 소프트웨어학과 오동건\32152661 소프트웨어학과 오동건.c(113): warning C4996: 'strcpy': This function or variable may be unsafe. Consider using strcpy_s instead. To disable deprecation, use _CRT_SECURE_NO_WARNINGS. See online help for details.
                 c:\program files (x86)\microsoft visual studio 12.0\vc\include\string.h(112) : see declaration of 'strcpy'
     1>c:\users\dong geon\documents\visual studio 2013\projects\32152661 소프트웨어학과 오동건\32152661 소프트웨어학과 오동건\32152661 소프트웨어학과 오동건.c(131): warning C4996: 'strcpy': This function or variable may be unsafe. Consider using strcpy_s instead. To disable deprecation, use _CRT_SECURE_NO_WARNINGS. See online help for details.
                 c:\program files (x86)\microsoft visual studio 12.0\vc\include\string.h(112) : see declaration of 'strcpy'
     1>c:\users\dong geon\documents\visual studio 2013\projects\32152661 소프트웨어학과 오동건\32152661 소프트웨어학과 오동건\32152661 소프트웨어학과 오동건.c(132): warning C4996: 'strcpy': This function or variable may be unsafe. Consider using strcpy_s instead. To disable deprecation, use _CRT_SECURE_NO_WARNINGS. See online help for details.
                 c:\program files (x86)\microsoft visual studio 12.0\vc\include\string.h(112) : see declaration of 'strcpy'
     1>c:\users\dong geon\documents\visual studio 2013\projects\32152661 소프트웨어학과 오동건\32152661 소프트웨어학과 오동건\32152661 소프트웨어학과 오동건.c(133): warning C4996: 'strcpy': This function or variable may be unsafe. Consider using strcpy_s instead. To disable deprecation, use _CRT_SECURE_NO_WARNINGS. See online help for details.
                 c:\program files (x86)\microsoft visual studio 12.0\vc\include\string.h(112) : see declaration of 'strcpy'
     1>c:\users\dong geon\documents\visual studio 2013\projects\32152661 소프트웨어학과 오동건\32152661 소프트웨어학과 오동건\32152661 소프트웨어학과 오동건.c(135): warning C4996: 'strcpy': This function or variable may be unsafe. Consider using strcpy_s instead. To disable deprecation, use _CRT_SECURE_NO_WARNINGS. See online help for details.
                 c:\program files (x86)\microsoft visual studio 12.0\vc\include\string.h(112) : see declaration of 'strcpy'
     1>c:\users\dong geon\documents\visual studio 2013\projects\32152661 소프트웨어학과 오동건\32152661 소프트웨어학과 오동건\32152661 소프트웨어학과 오동건.c(136): warning C4996: 'strcpy': This function or variable may be unsafe. Consider using strcpy_s instead. To disable deprecation, use _CRT_SECURE_NO_WARNINGS. See online help for details.
                 c:\program files (x86)\microsoft visual studio 12.0\vc\include\string.h(112) : see declaration of 'strcpy'
     1>c:\users\dong geon\documents\visual studio 2013\projects\32152661 소프트웨어학과 오동건\32152661 소프트웨어학과 오동건\32152661 소프트웨어학과 오동건.c(137): warning C4996: 'strcpy': This function or variable may be unsafe. Consider using strcpy_s instead. To disable deprecation, use _CRT_SECURE_NO_WARNINGS. See online help for details.
                 c:\program files (x86)\microsoft visual studio 12.0\vc\include\string.h(112) : see declaration of 'strcpy'
     1>c:\users\dong geon\documents\visual studio 2013\projects\32152661 소프트웨어학과 오동건\32152661 소프트웨어학과 오동건\32152661 소프트웨어학과 오동건.c(165): warning C4996: 'gets': This function or variable may be unsafe. Consider using gets_s instead. To disable deprecation, use _CRT_SECURE_NO_WARNINGS. See online help for details.
                 c:\program files (x86)\microsoft visual studio 12.0\vc\include\stdio.h(254) : see declaration of 'gets'
     1>c:\users\dong geon\documents\visual studio 2013\projects\32152661 소프트웨어학과 오동건\32152661 소프트웨어학과 오동건\32152661 소프트웨어학과 오동건.c(167): warning C4996: 'gets': This function or variable may be unsafe. Consider using gets_s instead. To disable deprecation, use _CRT_SECURE_NO_WARNINGS. See online help for details.
                 c:\program files (x86)\microsoft visual studio 12.0\vc\include\stdio.h(254) : see declaration of 'gets'
     1>c:\users\dong geon\documents\visual studio 2013\projects\32152661 소프트웨어학과 오동건\32152661 소프트웨어학과 오동건\32152661 소프트웨어학과 오동건.c(179): warning C4996: 'gets': This function or variable may be unsafe. Consider using gets_s instead. To disable deprecation, use _CRT_SECURE_NO_WARNINGS. See online help for details.
                 c:\program files (x86)\microsoft visual studio 12.0\vc\include\stdio.h(254) : see declaration of 'gets'
     1>c:\users\dong geon\documents\visual studio 2013\projects\32152661 소프트웨어학과 오동건\32152661 소프트웨어학과 오동건\32152661 소프트웨어학과 오동건.c(198): warning C4996: 'gets': This function or variable may be unsafe. Consider using gets_s instead. To disable deprecation, use _CRT_SECURE_NO_WARNINGS. See online help for details.
                 c:\program files (x86)\microsoft visual studio 12.0\vc\include\stdio.h(254) : see declaration of 'gets'
     1>c:\users\dong geon\documents\visual studio 2013\projects\32152661 소프트웨어학과 오동건\32152661 소프트웨어학과 오동건\32152661 소프트웨어학과 오동건.c(216): warning C4996: 'gets': This function or variable may be unsafe. Consider using gets_s instead. To disable deprecation, use _CRT_SECURE_NO_WARNINGS. See online help for details.
                 c:\program files (x86)\microsoft visual studio 12.0\vc\include\stdio.h(254) : see declaration of 'gets'
     1>c:\users\dong geon\documents\visual studio 2013\projects\32152661 소프트웨어학과 오동건\32152661 소프트웨어학과 오동건\32152661 소프트웨어학과 오동건.c(230): warning C4996: 'strcpy': This function or variable may be unsafe. Consider using strcpy_s instead. To disable deprecation, use _CRT_SECURE_NO_WARNINGS. See online help for details.
                 c:\program files (x86)\microsoft visual studio 12.0\vc\include\string.h(112) : see declaration of 'strcpy'
     1>c:\users\dong geon\documents\visual studio 2013\projects\32152661 소프트웨어학과 오동건\32152661 소프트웨어학과 오동건\32152661 소프트웨어학과 오동건.c(231): warning C4996: 'strcpy': This function or variable may be unsafe. Consider using strcpy_s instead. To disable deprecation, use _CRT_SECURE_NO_WARNINGS. See online help for details.
                 c:\program files (x86)\microsoft visual studio 12.0\vc\include\string.h(112) : see declaration of 'strcpy'
       Link:
         C:\Program Files (x86)\Microsoft Visual Studio 12.0\VC\bin\link.exe /ERRORREPORT:PROMPT /OUT:"C:\Users\dong geon\Documents\Visual Studio 2013\Projects\32152661 소프트웨어학과 오동건\Debug\32152661 소프트웨어학과 오동건.exe" /INCREMENTAL /NOLOGO kernel32.lib user32.lib gdi32.lib winspool.lib comdlg32.lib advapi32.lib shell32.lib ole32.lib oleaut32.lib uuid.lib odbc32.lib odbccp32.lib /MANIFEST /MANIFESTUAC:"level='asInvoker' uiAccess='false'" /manifest:embed /DEBUG /PDB:"C:\Users\dong geon\Documents\Visual Studio 2013\Projects\32152661 소프트웨어학과 오동건\Debug\32152661 소프트웨어학과 오동건.pdb" /SUBSYSTEM:CONSOLE /TLBID:1 /DYNAMICBASE /NXCOMPAT /IMPLIB:"C:\Users\dong geon\Documents\Visual Studio 2013\Projects\32152661 소프트웨어학과 오동건\Debug\32152661 소프트웨어학과 오동건.lib" /MACHINE:X86 "Debug\32152661 소프트웨어학과 오동건.obj"
         32152661 소프트웨어학과 오동건.vcxproj -> C:\Users\dong geon\Documents\Visual Studio 2013\Projects\32152661 소프트웨어학과 오동건\Debug\32152661 소프트웨어학과 오동건.exe
     1>Done Building Project "C:\Users\dong geon\Documents\Visual Studio 2013\Projects\32152661 소프트웨어학과 오동건\32152661 소프트웨어학과 오동건\32152661 소프트웨어학과 오동건.vcxproj" (Build target(s)).

Build succeeded.

Time Elapsed 00:00:00.42
