Build started 2016-11-15 오후 6:41:38.
     1>Project "C:\Users\DOGN\My Source Files\C Source\2048\2048.vcxproj" on node 2 (Build target(s)).
     1>ClCompile:
         C:\Program Files (x86)\Microsoft Visual Studio 12.0\VC\bin\CL.exe /c /ZI /nologo /W3 /WX- /Od /Oy- /D WIN32 /D _DEBUG /D _CONSOLE /D _LIB /D _UNICODE /D UNICODE /Gm /EHsc /RTC1 /MDd /GS /fp:precise /Zc:wchar_t /Zc:forScope /Fo"Debug\\" /Fd"Debug\vc120.pdb" /Gd /TC /analyze- /errorReport:prompt Main.c
         Main.c
     1>c:\users\dogn\my source files\c source\2048\main.c(37): warning C4996: 'getch': The POSIX name for this item is deprecated. Instead, use the ISO C++ conformant name: _getch. See online help for details.
                 c:\program files (x86)\microsoft visual studio 12.0\vc\include\conio.h(131) : see declaration of 'getch'
     1>c:\users\dogn\my source files\c source\2048\main.c(42): warning C4996: 'getch': The POSIX name for this item is deprecated. Instead, use the ISO C++ conformant name: _getch. See online help for details.
                 c:\program files (x86)\microsoft visual studio 12.0\vc\include\conio.h(131) : see declaration of 'getch'
     1>c:\users\dogn\my source files\c source\2048\main.c(50): warning C4047: 'function' : 'int *' differs in levels of indirection from 'int *[4]'
     1>c:\users\dogn\my source files\c source\2048\main.c(50): warning C4024: 'action' : different types for formal and actual parameter 1
     1>c:\users\dogn\my source files\c source\2048\main.c(58): warning C4047: 'function' : 'int *' differs in levels of indirection from 'int *[4]'
     1>c:\users\dogn\my source files\c source\2048\main.c(58): warning C4024: 'action' : different types for formal and actual parameter 1
     1>c:\users\dogn\my source files\c source\2048\main.c(66): warning C4047: 'function' : 'int *' differs in levels of indirection from 'int *[4]'
     1>c:\users\dogn\my source files\c source\2048\main.c(66): warning C4024: 'action' : different types for formal and actual parameter 1
     1>c:\users\dogn\my source files\c source\2048\main.c(74): warning C4047: 'function' : 'int *' differs in levels of indirection from 'int *[4]'
     1>c:\users\dogn\my source files\c source\2048\main.c(74): warning C4024: 'action' : different types for formal and actual parameter 1
     1>c:\users\dogn\my source files\c source\2048\main.c(29): warning C4101: 'k' : unreferenced local variable
     1>c:\users\dogn\my source files\c source\2048\main.c(114): warning C4028: formal parameter 1 different from declaration
     1>c:\users\dogn\my source files\c source\2048\main.c(159): warning C4244: 'function' : conversion from 'time_t' to 'unsigned int', possible loss of data
       Link:
         C:\Program Files (x86)\Microsoft Visual Studio 12.0\VC\bin\link.exe /ERRORREPORT:PROMPT /OUT:"C:\Users\DOGN\My Source Files\C Source\2048\Debug\2048.exe" /INCREMENTAL /NOLOGO kernel32.lib user32.lib gdi32.lib winspool.lib comdlg32.lib advapi32.lib shell32.lib ole32.lib oleaut32.lib uuid.lib odbc32.lib odbccp32.lib /MANIFEST /MANIFESTUAC:"level='asInvoker' uiAccess='false'" /manifest:embed /DEBUG /PDB:"C:\Users\DOGN\My Source Files\C Source\2048\Debug\2048.pdb" /SUBSYSTEM:CONSOLE /TLBID:1 /DYNAMICBASE /NXCOMPAT /IMPLIB:"C:\Users\DOGN\My Source Files\C Source\2048\Debug\2048.lib" /MACHINE:X86 Debug\Main.obj
         2048.vcxproj -> C:\Users\DOGN\My Source Files\C Source\2048\Debug\2048.exe
     1>Done Building Project "C:\Users\DOGN\My Source Files\C Source\2048\2048.vcxproj" (Build target(s)).

Build succeeded.

Time Elapsed 00:00:01.62
