Build started 2015-06-05 오후 11:54:43.
     1>Project "C:\Users\dong geon\documents\visual studio 2013\Projects\수프밍 과제2\수프밍 과제2\수프밍 과제2.vcxproj" on node 2 (Build target(s)).
     1>ClCompile:
         C:\Program Files (x86)\Microsoft Visual Studio 12.0\VC\bin\CL.exe /c /ZI /nologo /W3 /WX- /Od /Oy- /D WIN32 /D _DEBUG /D _CONSOLE /D _LIB /D _UNICODE /D UNICODE /Gm /EHsc /RTC1 /MDd /GS /fp:precise /Zc:wchar_t /Zc:forScope /Fo"Debug\\" /Fd"Debug\vc120.pdb" /Gd /TC /analyze- /errorReport:prompt "수프밍 과제2.c"
         수프밍 과제2.c
     1>c:\users\dong geon\documents\visual studio 2013\projects\수프밍 과제2\수프밍 과제2\수프밍 과제2.c(29): warning C4996: 'gets': This function or variable may be unsafe. Consider using gets_s instead. To disable deprecation, use _CRT_SECURE_NO_WARNINGS. See online help for details.
                 c:\program files (x86)\microsoft visual studio 12.0\vc\include\stdio.h(254) : see declaration of 'gets'
     1>c:\users\dong geon\documents\visual studio 2013\projects\수프밍 과제2\수프밍 과제2\수프밍 과제2.c(57): warning C4996: 'scanf': This function or variable may be unsafe. Consider using scanf_s instead. To disable deprecation, use _CRT_SECURE_NO_WARNINGS. See online help for details.
                 c:\program files (x86)\microsoft visual studio 12.0\vc\include\stdio.h(283) : see declaration of 'scanf'
     1>c:\users\dong geon\documents\visual studio 2013\projects\수프밍 과제2\수프밍 과제2\수프밍 과제2.c(59): warning C4996: 'scanf': This function or variable may be unsafe. Consider using scanf_s instead. To disable deprecation, use _CRT_SECURE_NO_WARNINGS. See online help for details.
                 c:\program files (x86)\microsoft visual studio 12.0\vc\include\stdio.h(283) : see declaration of 'scanf'
     1>c:\users\dong geon\documents\visual studio 2013\projects\수프밍 과제2\수프밍 과제2\수프밍 과제2.c(68): warning C4996: 'scanf': This function or variable may be unsafe. Consider using scanf_s instead. To disable deprecation, use _CRT_SECURE_NO_WARNINGS. See online help for details.
                 c:\program files (x86)\microsoft visual studio 12.0\vc\include\stdio.h(283) : see declaration of 'scanf'
     1>c:\users\dong geon\documents\visual studio 2013\projects\수프밍 과제2\수프밍 과제2\수프밍 과제2.c(71): warning C4047: '==' : 'int' differs in levels of indirection from 'char [20]'
       Link:
         C:\Program Files (x86)\Microsoft Visual Studio 12.0\VC\bin\link.exe /ERRORREPORT:PROMPT /OUT:"C:\Users\dong geon\documents\visual studio 2013\Projects\수프밍 과제2\Debug\수프밍 과제2.exe" /INCREMENTAL /NOLOGO kernel32.lib user32.lib gdi32.lib winspool.lib comdlg32.lib advapi32.lib shell32.lib ole32.lib oleaut32.lib uuid.lib odbc32.lib odbccp32.lib /MANIFEST /MANIFESTUAC:"level='asInvoker' uiAccess='false'" /manifest:embed /DEBUG /PDB:"C:\Users\dong geon\documents\visual studio 2013\Projects\수프밍 과제2\Debug\수프밍 과제2.pdb" /SUBSYSTEM:CONSOLE /TLBID:1 /DYNAMICBASE /NXCOMPAT /IMPLIB:"C:\Users\dong geon\documents\visual studio 2013\Projects\수프밍 과제2\Debug\수프밍 과제2.lib" /MACHINE:X86 "Debug\수프밍 과제2.obj"
         수프밍 과제2.vcxproj -> C:\Users\dong geon\documents\visual studio 2013\Projects\수프밍 과제2\Debug\수프밍 과제2.exe
     1>Done Building Project "C:\Users\dong geon\documents\visual studio 2013\Projects\수프밍 과제2\수프밍 과제2\수프밍 과제2.vcxproj" (Build target(s)).

Build succeeded.

Time Elapsed 00:00:00.48
